<?xml version="1.0" encoding="UTF-8"?>
<!-- Generated by org.testng.reporters.JUnitReportReporter -->
<testsuite hostname="ILAKKIYA" failures="0" tests="4" name="com.TestNG.amazon_test.Test_Runner" time="29.303" errors="0" timestamp="14 Aug 2023 06:07:51 GMT" skipped="0">
  <testcase classname="com.TestNG.amazon_test.Test_Runner" name="testcase_004" time="0.712"/>
  <testcase classname="com.TestNG.amazon_test.Test_Runner" name="testcase_003" time="3.640"/>
  <testcase classname="com.TestNG.amazon_test.Test_Runner" name="testcase_001" time="17.721"/>
  <testcase classname="com.TestNG.amazon_test.Test_Runner" name="testcase_002" time="7.230"/>
</testsuite> <!-- com.TestNG.amazon_test.Test_Runner -->
