<?xml version="1.0" encoding="UTF-8"?>
<!-- Generated by org.testng.reporters.JUnitReportReporter -->
<testsuite hostname="ILAKKIYA" failures="0" tests="4" name="Advanceselenium.pgm111" time="0.007" errors="0" timestamp="2023-06-23T11:58:52 IST" skipped="0">
  <testcase classname="Advanceselenium.pgm111" name="Deletecustomer" time="0.004">
    <system-out>
      <![CDATA[delete the customer]]>
    </system-out>
  </testcase> <!-- Deletecustomer -->
  <testcase classname="Advanceselenium.pgm111" name="createcustomer" time="0.001">
    <system-out>
      <![CDATA[create the customer]]>
    </system-out>
  </testcase> <!-- createcustomer -->
  <testcase classname="Advanceselenium.pgm111" name="editcustomer" time="0.000">
    <system-out>
      <![CDATA[edit the customer]]>
    </system-out>
  </testcase> <!-- editcustomer -->
  <testcase classname="Advanceselenium.pgm111" name="editcustomer" time="0.002">
    <system-out>
      <![CDATA[edit the customer]]>
    </system-out>
  </testcase> <!-- editcustomer -->
  <system-out>
    <![CDATA[open the browser
login
delete the customer
logout
login
create the customer
logout
login
edit the customer
logout
login
edit the customer
logout
close the browser]]>
  </system-out>
</testsuite> <!-- Advanceselenium.pgm111 -->
