<?xml version="1.0" encoding="UTF-8"?>
<!-- Generated by org.testng.reporters.JUnitReportReporter -->
<testsuite hostname="ILAKKIYA" failures="0" tests="2" name="Advanceselenium.pgm116" time="6.569" errors="0" timestamp="2023-08-02T12:29:37 IST" skipped="0">
  <testcase classname="Advanceselenium.pgm116" name="testcase_001" time="2.884"/>
  <testcase classname="Advanceselenium.pgm116" name="testcase_002" time="3.685"/>
</testsuite> <!-- Advanceselenium.pgm116 -->
