<?xml version="1.0" encoding="UTF-8"?>
<!-- Generated by org.testng.reporters.JUnitReportReporter -->
<testsuite hostname="ILAKKIYA" failures="0" tests="3" name="Advanceselenium.pgm99" time="0.002" errors="0" timestamp="2023-06-21T11:49:36 IST" skipped="0">
  <testcase classname="Advanceselenium.pgm99" name="Tc002" time="0.000">
    <system-out>
      <![CDATA[Test case-2 Pass]]>
    </system-out>
  </testcase> <!-- Tc002 -->
  <testcase classname="Advanceselenium.pgm99" name="Tc003" time="0.001">
    <system-out>
      <![CDATA[Test case-3 Pass]]>
    </system-out>
  </testcase> <!-- Tc003 -->
  <testcase classname="Advanceselenium.pgm99" name="Tc001" time="0.001">
    <system-out>
      <![CDATA[Test case-1 Pass]]>
    </system-out>
  </testcase> <!-- Tc001 -->
  <system-out>
    <![CDATA[Test case 4 pass
Test case 5 pass
Test case 6 pass
Test case-1 Pass
Test case-2 Pass
Test case-3 Pass
Test case 7pass
Test case  8 pass
Test case 9 pass]]>
  </system-out>
</testsuite> <!-- Advanceselenium.pgm99 -->
