<?xml version="1.0" encoding="UTF-8"?>
<!-- Generated by org.testng.reporters.JUnitReportReporter -->
<testsuite hostname="ILAKKIYA" failures="0" tests="3" name="Advanceselenium.pgmm101" time="0.004" errors="0" timestamp="2023-06-21T11:49:36 IST" skipped="0">
  <testcase classname="Advanceselenium.pgmm101" name="TC009" time="0.001">
    <system-out>
      <![CDATA[Test case 9 pass]]>
    </system-out>
  </testcase> <!-- TC009 -->
  <testcase classname="Advanceselenium.pgmm101" name="TC007" time="0.001">
    <system-out>
      <![CDATA[Test case 7pass]]>
    </system-out>
  </testcase> <!-- TC007 -->
  <testcase classname="Advanceselenium.pgmm101" name="TC008" time="0.002">
    <system-out>
      <![CDATA[Test case  8 pass]]>
    </system-out>
  </testcase> <!-- TC008 -->
  <system-out>
    <![CDATA[Test case 4 pass
Test case 5 pass
Test case 6 pass
Test case-1 Pass
Test case-2 Pass
Test case-3 Pass
Test case 7pass
Test case  8 pass
Test case 9 pass]]>
  </system-out>
</testsuite> <!-- Advanceselenium.pgmm101 -->
