<?xml version="1.0" encoding="UTF-8"?>
<!-- Generated by org.testng.reporters.JUnitReportReporter -->
<testsuite hostname="ILAKKIYA" failures="0" tests="3" name="Advanceselenium.pgm100" time="0.008" errors="0" timestamp="2023-06-21T11:49:36 IST" skipped="0">
  <testcase classname="Advanceselenium.pgm100" name="TC004" time="0.005">
    <system-out>
      <![CDATA[Test case 4 pass]]>
    </system-out>
  </testcase> <!-- TC004 -->
  <testcase classname="Advanceselenium.pgm100" name="TC006" time="0.002">
    <system-out>
      <![CDATA[Test case 6 pass]]>
    </system-out>
  </testcase> <!-- TC006 -->
  <testcase classname="Advanceselenium.pgm100" name="TC005" time="0.001">
    <system-out>
      <![CDATA[Test case 5 pass]]>
    </system-out>
  </testcase> <!-- TC005 -->
  <system-out>
    <![CDATA[Test case 4 pass
Test case 5 pass
Test case 6 pass
Test case-1 Pass
Test case-2 Pass
Test case-3 Pass
Test case 7pass
Test case  8 pass
Test case 9 pass]]>
  </system-out>
</testsuite> <!-- Advanceselenium.pgm100 -->
