<?xml version="1.0" encoding="UTF-8"?>
<!-- Generated by org.testng.reporters.JUnitReportReporter -->
<testsuite hostname="ILAKKIYA" failures="0" tests="3" name="Advanceselenium.pgm91" time="0.011" errors="0" timestamp="2023-06-17T11:31:41 IST" skipped="0">
  <testcase classname="Advanceselenium.pgm91" name="C" time="0.002">
    <system-out>
      <![CDATA[c for cat]]>
    </system-out>
  </testcase> <!-- C -->
  <testcase classname="Advanceselenium.pgm91" name="B" time="0.002">
    <system-out>
      <![CDATA[B for ball]]>
    </system-out>
  </testcase> <!-- B -->
  <testcase classname="Advanceselenium.pgm91" name="A" time="0.007">
    <system-out>
      <![CDATA[A for apple]]>
    </system-out>
  </testcase> <!-- A -->
  <system-out>
    <![CDATA[A for apple
B for ball
c for cat]]>
  </system-out>
</testsuite> <!-- Advanceselenium.pgm91 -->
