<?xml version="1.0" encoding="UTF-8"?>
<!-- Generated by org.testng.reporters.JUnitReportReporter -->
<testsuite hostname="ILAKKIYA" failures="0" tests="1" name="Advanceselenium.pgmm113" time="0.007" errors="0" timestamp="2023-06-24T11:50:47 IST" skipped="0">
  <testcase classname="Advanceselenium.pgmm113" name="loggedin" time="0.007">
    <system-out>
      <![CDATA[logged in successfully]]>
    </system-out>
  </testcase> <!-- loggedin -->
  <system-out>
    <![CDATA[logged in successfully]]>
  </system-out>
</testsuite> <!-- Advanceselenium.pgmm113 -->
