<?xml version="1.0" encoding="UTF-8"?>
<!-- Generated by org.testng.reporters.JUnitReportReporter -->
<testsuite hostname="ILAKKIYA" failures="0" tests="1" name="Advanceselenium.ValidLogin" time="21.791" errors="0" timestamp="2023-06-27T11:21:59 IST" skipped="0">
  <testcase classname="Advanceselenium.ValidLogin" name="Testcase_001" time="21.791"/>
</testsuite> <!-- Advanceselenium.ValidLogin -->
