<?xml version="1.0" encoding="UTF-8"?>
<!-- Generated by org.testng.reporters.JUnitReportReporter -->
<testsuite hostname="ILAKKIYA" failures="0" tests="1" name="Advanceselenium.pgm108" time="0.012" errors="0" timestamp="2023-06-23T11:07:43 IST" skipped="0">
  <testcase classname="Advanceselenium.pgm108" name="createcustomer" time="0.012">
    <system-out>
      <![CDATA[create customer ]]>
    </system-out>
  </testcase> <!-- createcustomer -->
  <system-out>
    <![CDATA[open the browser 
create customer 
close the browser ]]>
  </system-out>
</testsuite> <!-- Advanceselenium.pgm108 -->
