<?xml version="1.0" encoding="UTF-8"?>
<!-- Generated by org.testng.reporters.JUnitReportReporter -->
<testsuite hostname="ILAKKIYA" failures="0" tests="2" name="Advanceselenium.pgmm109" time="0.018" errors="0" timestamp="2023-06-23T11:14:14 IST" skipped="0">
  <testcase classname="Advanceselenium.pgmm109" name="editcustomer" time="0.009">
    <system-out>
      <![CDATA[edit customer]]>
    </system-out>
  </testcase> <!-- editcustomer -->
  <testcase classname="Advanceselenium.pgmm109" name="createcustomer" time="0.009">
    <system-out>
      <![CDATA[create customer]]>
    </system-out>
  </testcase> <!-- createcustomer -->
  <system-out>
    <![CDATA[open the browser
create customer
close the browser
open the browser
edit customer
close the browser]]>
  </system-out>
</testsuite> <!-- Advanceselenium.pgmm109 -->
