<?xml version="1.0" encoding="UTF-8"?>
<!-- Generated by org.testng.reporters.JUnitReportReporter -->
<testsuite hostname="ILAKKIYA" failures="0" tests="2" name="Advanceselenium.pgm117" time="12.071" errors="0" timestamp="2023-08-02T12:29:37 IST" skipped="0">
  <testcase classname="Advanceselenium.pgm117" name="Testcase_003" time="5.969"/>
  <testcase classname="Advanceselenium.pgm117" name="Testcase_004" time="6.102"/>
</testsuite> <!-- Advanceselenium.pgm117 -->
