<?xml version="1.0" encoding="UTF-8"?>
<!-- Generated by org.testng.reporters.JUnitReportReporter -->
<testsuite hostname="ILAKKIYA" failures="0" tests="2" name="Advanceselenium.pgm110" time="0.005" errors="0" timestamp="2023-06-23T11:25:23 IST" skipped="0">
  <testcase classname="Advanceselenium.pgm110" name="deletecustomer" time="0.001">
    <system-out>
      <![CDATA[delete the custoer]]>
    </system-out>
  </testcase> <!-- deletecustomer -->
  <testcase classname="Advanceselenium.pgm110" name="createcustomer" time="0.004">
    <system-out>
      <![CDATA[create the custoer]]>
    </system-out>
  </testcase> <!-- createcustomer -->
  <system-out>
    <![CDATA[open the browser
login
create the custoer
logout
login
delete the custoer
logout
close the browser]]>
  </system-out>
</testsuite> <!-- Advanceselenium.pgm110 -->
